[ 2015-08-14T09:36:15+08:00 ] 127.0.0.1 /
INFO: [ app_begin ] --START--
INFO: ReadHtmlCache Behavior ::run [ RunTime:0.005000s ]
INFO: [ app_begin ] --END-- [ RunTime:0.006000s ]
INFO: [ view_parse ] --START--
NOTIC: [8] Undefined index: uid E:\lzhs\app\Runtime\Cache\3f6448edb80585dfae75998878cf29ba.php 第 21 行.
INFO: ParseTemplate Behavior ::run [ RunTime:0.099006s ]
INFO: [ view_parse ] --END-- [ RunTime:0.099006s ]
INFO: [ view_filter ] --START--
INFO: ContentReplace Behavior ::run [ RunTime:0.005000s ]
INFO: TokenBuild Behavior ::run [ RunTime:0.004000s ]
INFO: WriteHtmlCache Behavior ::run [ RunTime:0.003000s ]
INFO: ShowRuntime Behavior ::run [ RunTime:0.004001s ]
INFO: [ view_filter ] --END-- [ RunTime:0.016001s ]
INFO: [ view_end ] --START--
INFO: ShowPageTrace Behavior ::run [ RunTime:0.004000s ]
INFO: [ view_end ] --END-- [ RunTime:0.004000s ]

[ 2015-08-14T09:36:43+08:00 ] 127.0.0.1 /index.php?m=Login&a=login
INFO: [ app_begin ] --START--
INFO: ReadHtmlCache Behavior ::run [ RunTime:0.001000s ]
INFO: [ app_begin ] --END-- [ RunTime:0.001000s ]
SQL: SHOW COLUMNS FROM `users` [ RunTime:0.076005s ]
SQL: SELECT * FROM `users` WHERE ( `user_name` = '小王' ) AND ( `password` = '123456' ) LIMIT 1   [ RunTime:0.075004s ]
INFO: [ view_parse ] --START--
NOTIC: [8] Undefined variable: title E:\lzhs\app\Runtime\Cache\a3647e7e31d4eae21efa844ec0188686.php 第 3 行.
INFO: ParseTemplate Behavior ::run [ RunTime:0.053003s ]
INFO: [ view_parse ] --END-- [ RunTime:0.053003s ]
INFO: [ view_filter ] --START--
INFO: ContentReplace Behavior ::run [ RunTime:0.001000s ]
INFO: TokenBuild Behavior ::run [ RunTime:0.001000s ]
INFO: WriteHtmlCache Behavior ::run [ RunTime:0.001000s ]
INFO: ShowRuntime Behavior ::run [ RunTime:0.001001s ]
INFO: [ view_filter ] --END-- [ RunTime:0.004001s ]
INFO: [ view_end ] --START--
INFO: ShowPageTrace Behavior ::run [ RunTime:0.002000s ]
INFO: [ view_end ] --END-- [ RunTime:0.002000s ]

[ 2015-08-14T09:36:45+08:00 ] 127.0.0.1 /
INFO: [ app_begin ] --START--
INFO: ReadHtmlCache Behavior ::run [ RunTime:0.001000s ]
INFO: [ app_begin ] --END-- [ RunTime:0.001000s ]
INFO: [ view_parse ] --START--
INFO: ParseTemplate Behavior ::run [ RunTime:0.010000s ]
INFO: [ view_parse ] --END-- [ RunTime:0.010000s ]
INFO: [ view_filter ] --START--
INFO: ContentReplace Behavior ::run [ RunTime:0.001001s ]
INFO: TokenBuild Behavior ::run [ RunTime:0.000000s ]
INFO: WriteHtmlCache Behavior ::run [ RunTime:0.001000s ]
INFO: ShowRuntime Behavior ::run [ RunTime:0.000000s ]
INFO: [ view_filter ] --END-- [ RunTime:0.002001s ]
INFO: [ view_end ] --START--
INFO: ShowPageTrace Behavior ::run [ RunTime:0.001000s ]
INFO: [ view_end ] --END-- [ RunTime:0.001000s ]

[ 2015-08-14T09:36:47+08:00 ] 127.0.0.1 /index.php?m=Manager&a=index
INFO: [ app_begin ] --START--
INFO: ReadHtmlCache Behavior ::run [ RunTime:0.001000s ]
INFO: [ app_begin ] --END-- [ RunTime:0.001000s ]
INFO: [ view_parse ] --START--
INFO: ParseTemplate Behavior ::run [ RunTime:0.065004s ]
INFO: [ view_parse ] --END-- [ RunTime:0.065004s ]
INFO: [ view_filter ] --START--
INFO: ContentReplace Behavior ::run [ RunTime:0.001000s ]
INFO: TokenBuild Behavior ::run [ RunTime:0.001000s ]
INFO: WriteHtmlCache Behavior ::run [ RunTime:0.000000s ]
INFO: ShowRuntime Behavior ::run [ RunTime:0.001000s ]
INFO: [ view_filter ] --END-- [ RunTime:0.003000s ]
INFO: [ view_end ] --START--
INFO: ShowPageTrace Behavior ::run [ RunTime:0.001000s ]
INFO: [ view_end ] --END-- [ RunTime:0.001000s ]

[ 2015-08-14T09:36:56+08:00 ] 127.0.0.1 /index.php?m=article&a=index
INFO: [ app_begin ] --START--
INFO: ReadHtmlCache Behavior ::run [ RunTime:0.001000s ]
INFO: [ app_begin ] --END-- [ RunTime:0.001000s ]
SQL: SHOW COLUMNS FROM `article` [ RunTime:0.084004s ]
SQL: SELECT COUNT(*) AS tp_count FROM `article` LIMIT 1   [ RunTime:0.075004s ]
SQL: SELECT * FROM `article` ORDER BY add_time desc LIMIT 0,20   [ RunTime:0.091005s ]
SQL: SHOW COLUMNS FROM `article_cate` [ RunTime:0.078005s ]
SQL: SELECT `cate_name` FROM `article_cate` WHERE ( cate_id=26 ) LIMIT 1   [ RunTime:0.368021s ]
SQL: SELECT `cate_name` FROM `article_cate` WHERE ( cate_id=1 ) LIMIT 1   [ RunTime:0.075004s ]
SQL: SELECT `cate_name` FROM `article_cate` WHERE ( cate_id=2 ) LIMIT 1   [ RunTime:0.075004s ]
SQL: SELECT `cate_name` FROM `article_cate` WHERE ( cate_id=1 ) LIMIT 1   [ RunTime:0.083005s ]
SQL: SELECT `cate_name` FROM `article_cate` WHERE ( cate_id=1 ) LIMIT 1   [ RunTime:0.381022s ]
SQL: SELECT `cate_name` FROM `article_cate` WHERE ( cate_id=1 ) LIMIT 1   [ RunTime:0.074004s ]
SQL: SELECT `cate_name` FROM `article_cate` WHERE ( cate_id=2 ) LIMIT 1   [ RunTime:0.074005s ]
SQL: SELECT `cate_name` FROM `article_cate` WHERE ( cate_id=3 ) LIMIT 1   [ RunTime:0.077004s ]
SQL: SELECT `cate_name` FROM `article_cate` WHERE ( cate_id=2 ) LIMIT 1   [ RunTime:0.966055s ]
INFO: [ view_parse ] --START--
INFO: ParseTemplate Behavior ::run [ RunTime:0.051003s ]
INFO: [ view_parse ] --END-- [ RunTime:0.051003s ]
INFO: [ view_filter ] --START--
INFO: ContentReplace Behavior ::run [ RunTime:0.001000s ]
INFO: TokenBuild Behavior ::run [ RunTime:0.000000s ]
INFO: WriteHtmlCache Behavior ::run [ RunTime:0.000000s ]
INFO: ShowRuntime Behavior ::run [ RunTime:0.001000s ]
INFO: [ view_filter ] --END-- [ RunTime:0.002000s ]
INFO: [ view_end ] --START--
INFO: ShowPageTrace Behavior ::run [ RunTime:0.000000s ]
INFO: [ view_end ] --END-- [ RunTime:0.000000s ]

[ 2015-08-14T09:37:24+08:00 ] 127.0.0.1 /index.php?m=Manager&a=HomeWorkList
INFO: [ app_begin ] --START--
INFO: ReadHtmlCache Behavior ::run [ RunTime:0.001000s ]
INFO: [ app_begin ] --END-- [ RunTime:0.001000s ]
SQL: SHOW COLUMNS FROM `homework` [ RunTime:0.086005s ]
SQL: SELECT COUNT(*) AS tp_count FROM `homework` LIMIT 1   [ RunTime:0.082005s ]
SQL: SELECT * FROM `homework` ORDER BY create_time desc LIMIT 0,20   [ RunTime:0.087005s ]
SQL: SHOW COLUMNS FROM `uploaded_file` [ RunTime:0.384022s ]
SQL: SELECT COUNT(*) AS tp_count FROM `uploaded_file` WHERE ( belong = '7' ) LIMIT 1   [ RunTime:0.981056s ]
SQL: SELECT COUNT(*) AS tp_count FROM `uploaded_file` WHERE ( belong = '6' ) LIMIT 1   [ RunTime:2.786159s ]
SQL: SELECT COUNT(*) AS tp_count FROM `uploaded_file` WHERE ( belong = '5' ) LIMIT 1   [ RunTime:8.178468s ]
SQL: SELECT COUNT(*) AS tp_count FROM `uploaded_file` WHERE ( belong = '4' ) LIMIT 1   [ RunTime:0.084005s ]
SQL: SELECT COUNT(*) AS tp_count FROM `uploaded_file` WHERE ( belong = '3' ) LIMIT 1   [ RunTime:0.081004s ]
SQL: SELECT COUNT(*) AS tp_count FROM `uploaded_file` WHERE ( belong = '2' ) LIMIT 1   [ RunTime:0.081005s ]
SQL: SELECT COUNT(*) AS tp_count FROM `uploaded_file` WHERE ( belong = '1' ) LIMIT 1   [ RunTime:0.081005s ]
INFO: [ view_parse ] --START--
INFO: ParseTemplate Behavior ::run [ RunTime:0.049003s ]
INFO: [ view_parse ] --END-- [ RunTime:0.049003s ]
INFO: [ view_filter ] --START--
INFO: ContentReplace Behavior ::run [ RunTime:0.001000s ]
INFO: TokenBuild Behavior ::run [ RunTime:0.001000s ]
INFO: WriteHtmlCache Behavior ::run [ RunTime:0.000000s ]
INFO: ShowRuntime Behavior ::run [ RunTime:0.001000s ]
INFO: [ view_filter ] --END-- [ RunTime:0.003000s ]
INFO: [ view_end ] --START--
INFO: ShowPageTrace Behavior ::run [ RunTime:0.001000s ]
INFO: [ view_end ] --END-- [ RunTime:0.001000s ]

[ 2015-08-14T09:44:57+08:00 ] 127.0.0.1 /index.php?m=cate&a=index&flag=class
INFO: [ app_begin ] --START--
INFO: ReadHtmlCache Behavior ::run [ RunTime:0.001000s ]
INFO: [ app_begin ] --END-- [ RunTime:0.001000s ]
SQL: SHOW COLUMNS FROM `class_msg_cate` [ RunTime:0.373021s ]
SQL: SELECT COUNT(*) AS tp_count FROM `class_msg_cate` LIMIT 1   [ RunTime:0.083005s ]
SQL: SELECT * FROM `class_msg_cate` LIMIT 0,20   [ RunTime:0.076004s ]
INFO: [ view_parse ] --START--
INFO: ParseTemplate Behavior ::run [ RunTime:0.078005s ]
INFO: [ view_parse ] --END-- [ RunTime:0.078005s ]
INFO: [ view_filter ] --START--
INFO: ContentReplace Behavior ::run [ RunTime:0.001000s ]
INFO: TokenBuild Behavior ::run [ RunTime:0.001000s ]
INFO: WriteHtmlCache Behavior ::run [ RunTime:0.000000s ]
INFO: ShowRuntime Behavior ::run [ RunTime:0.001000s ]
INFO: [ view_filter ] --END-- [ RunTime:0.003000s ]
INFO: [ view_end ] --START--
INFO: ShowPageTrace Behavior ::run [ RunTime:0.001000s ]
INFO: [ view_end ] --END-- [ RunTime:0.001000s ]

[ 2015-08-14T09:47:00+08:00 ] 127.0.0.1 /index.php?m=Manager&a=HomeWorkList
INFO: [ app_begin ] --START--
INFO: ReadHtmlCache Behavior ::run [ RunTime:0.001000s ]
INFO: [ app_begin ] --END-- [ RunTime:0.001000s ]
SQL: SHOW COLUMNS FROM `homework` [ RunTime:0.076005s ]
SQL: SELECT COUNT(*) AS tp_count FROM `homework` LIMIT 1   [ RunTime:0.077004s ]
SQL: SELECT * FROM `homework` ORDER BY create_time desc LIMIT 0,20   [ RunTime:0.075004s ]
SQL: SHOW COLUMNS FROM `uploaded_file` [ RunTime:0.972055s ]
SQL: SELECT COUNT(*) AS tp_count FROM `uploaded_file` WHERE ( belong = '7' ) LIMIT 1   [ RunTime:0.079005s ]
SQL: SELECT COUNT(*) AS tp_count FROM `uploaded_file` WHERE ( belong = '6' ) LIMIT 1   [ RunTime:0.074004s ]
SQL: SELECT COUNT(*) AS tp_count FROM `uploaded_file` WHERE ( belong = '5' ) LIMIT 1   [ RunTime:0.074005s ]
SQL: SELECT COUNT(*) AS tp_count FROM `uploaded_file` WHERE ( belong = '4' ) LIMIT 1   [ RunTime:0.075004s ]
SQL: SELECT COUNT(*) AS tp_count FROM `uploaded_file` WHERE ( belong = '3' ) LIMIT 1   [ RunTime:0.075004s ]
SQL: SELECT COUNT(*) AS tp_count FROM `uploaded_file` WHERE ( belong = '2' ) LIMIT 1   [ RunTime:0.074004s ]
SQL: SELECT COUNT(*) AS tp_count FROM `uploaded_file` WHERE ( belong = '1' ) LIMIT 1   [ RunTime:0.074004s ]
INFO: [ view_parse ] --START--
INFO: ParseTemplate Behavior ::run [ RunTime:0.048003s ]
INFO: [ view_parse ] --END-- [ RunTime:0.048003s ]
INFO: [ view_filter ] --START--
INFO: ContentReplace Behavior ::run [ RunTime:0.001000s ]
INFO: TokenBuild Behavior ::run [ RunTime:0.000000s ]
INFO: WriteHtmlCache Behavior ::run [ RunTime:0.000000s ]
INFO: ShowRuntime Behavior ::run [ RunTime:0.001000s ]
INFO: [ view_filter ] --END-- [ RunTime:0.003000s ]
INFO: [ view_end ] --START--
INFO: ShowPageTrace Behavior ::run [ RunTime:0.001000s ]
INFO: [ view_end ] --END-- [ RunTime:0.002000s ]

[ 2015-08-14T09:49:45+08:00 ] 127.0.0.1 /index.php?m=Manager&a=HomeWorkList
INFO: [ app_begin ] --START--
INFO: ReadHtmlCache Behavior ::run [ RunTime:0.000000s ]
INFO: [ app_begin ] --END-- [ RunTime:0.001000s ]
SQL: SHOW COLUMNS FROM `homework` [ RunTime:0.075004s ]
SQL: SELECT COUNT(*) AS tp_count FROM `homework` LIMIT 1   [ RunTime:0.375021s ]
SQL: SELECT * FROM `homework` ORDER BY create_time desc LIMIT 0,20   [ RunTime:0.079005s ]
SQL: SHOW COLUMNS FROM `uploaded_file` [ RunTime:0.077004s ]
SQL: SELECT COUNT(*) AS tp_count FROM `uploaded_file` WHERE ( belong = '7' ) LIMIT 1   [ RunTime:0.074005s ]
SQL: SELECT COUNT(*) AS tp_count FROM `uploaded_file` WHERE ( belong = '6' ) LIMIT 1   [ RunTime:0.074004s ]
SQL: SELECT COUNT(*) AS tp_count FROM `uploaded_file` WHERE ( belong = '5' ) LIMIT 1   [ RunTime:0.074004s ]
SQL: SELECT COUNT(*) AS tp_count FROM `uploaded_file` WHERE ( belong = '4' ) LIMIT 1   [ RunTime:0.074005s ]
SQL: SELECT COUNT(*) AS tp_count FROM `uploaded_file` WHERE ( belong = '3' ) LIMIT 1   [ RunTime:0.074004s ]
SQL: SELECT COUNT(*) AS tp_count FROM `uploaded_file` WHERE ( belong = '2' ) LIMIT 1   [ RunTime:0.372021s ]
SQL: SELECT COUNT(*) AS tp_count FROM `uploaded_file` WHERE ( belong = '1' ) LIMIT 1   [ RunTime:2.773159s ]
INFO: [ view_parse ] --START--
INFO: ParseTemplate Behavior ::run [ RunTime:0.051003s ]
INFO: [ view_parse ] --END-- [ RunTime:0.051003s ]
INFO: [ view_filter ] --START--
INFO: ContentReplace Behavior ::run [ RunTime:0.001000s ]
INFO: TokenBuild Behavior ::run [ RunTime:0.001000s ]
INFO: WriteHtmlCache Behavior ::run [ RunTime:0.000000s ]
INFO: ShowRuntime Behavior ::run [ RunTime:0.001000s ]
INFO: [ view_filter ] --END-- [ RunTime:0.003000s ]
INFO: [ view_end ] --START--
INFO: ShowPageTrace Behavior ::run [ RunTime:0.001000s ]
INFO: [ view_end ] --END-- [ RunTime:0.001000s ]

[ 2015-08-14T09:50:26+08:00 ] 127.0.0.1 /index.php?m=Manager&a=HomeWorkList
INFO: [ app_begin ] --START--
INFO: ReadHtmlCache Behavior ::run [ RunTime:0.001000s ]
INFO: [ app_begin ] --END-- [ RunTime:0.001000s ]
SQL: SHOW COLUMNS FROM `homework` [ RunTime:0.083005s ]
SQL: SELECT COUNT(*) AS tp_count FROM `homework` LIMIT 1   [ RunTime:0.081005s ]
SQL: SELECT * FROM `homework` ORDER BY create_time desc LIMIT 0,20   [ RunTime:0.082004s ]
SQL: SHOW COLUMNS FROM `uploaded_file` [ RunTime:0.082004s ]
SQL: SELECT COUNT(*) AS tp_count FROM `uploaded_file` WHERE ( belong = '7' ) LIMIT 1   [ RunTime:0.084005s ]
SQL: SELECT COUNT(*) AS tp_count FROM `uploaded_file` WHERE ( belong = '6' ) LIMIT 1   [ RunTime:0.081005s ]
SQL: SELECT COUNT(*) AS tp_count FROM `uploaded_file` WHERE ( belong = '5' ) LIMIT 1   [ RunTime:0.081004s ]
SQL: SELECT COUNT(*) AS tp_count FROM `uploaded_file` WHERE ( belong = '4' ) LIMIT 1   [ RunTime:0.080005s ]
SQL: SELECT COUNT(*) AS tp_count FROM `uploaded_file` WHERE ( belong = '3' ) LIMIT 1   [ RunTime:0.081005s ]
SQL: SELECT COUNT(*) AS tp_count FROM `uploaded_file` WHERE ( belong = '2' ) LIMIT 1   [ RunTime:0.082004s ]
SQL: SELECT COUNT(*) AS tp_count FROM `uploaded_file` WHERE ( belong = '1' ) LIMIT 1   [ RunTime:0.374022s ]
INFO: [ view_parse ] --START--
INFO: ParseTemplate Behavior ::run [ RunTime:0.060003s ]
INFO: [ view_parse ] --END-- [ RunTime:0.060003s ]
INFO: [ view_filter ] --START--
INFO: ContentReplace Behavior ::run [ RunTime:0.001000s ]
INFO: TokenBuild Behavior ::run [ RunTime:0.001000s ]
INFO: WriteHtmlCache Behavior ::run [ RunTime:0.000000s ]
INFO: ShowRuntime Behavior ::run [ RunTime:0.002001s ]
INFO: [ view_filter ] --END-- [ RunTime:0.005001s ]
INFO: [ view_end ] --START--
INFO: ShowPageTrace Behavior ::run [ RunTime:0.002000s ]
INFO: [ view_end ] --END-- [ RunTime:0.002000s ]

[ 2015-08-14T09:50:30+08:00 ] 127.0.0.1 /index.php?m=manager&a=delWork
INFO: [ app_begin ] --START--
INFO: ReadHtmlCache Behavior ::run [ RunTime:0.001000s ]
INFO: [ app_begin ] --END-- [ RunTime:0.001000s ]
SQL: SHOW COLUMNS FROM `homework` [ RunTime:0.075004s ]
SQL: SELECT * FROM `homework` WHERE ( `id` = 7 ) LIMIT 1   [ RunTime:0.075004s ]
SQL: DELETE FROM `homework` WHERE ( `id` = 7 ) [ RunTime:0.380022s ]

[ 2015-08-14T09:50:47+08:00 ] 127.0.0.1 /index.php?m=Manager&a=HomeWorkList
INFO: [ app_begin ] --START--
INFO: ReadHtmlCache Behavior ::run [ RunTime:0.001000s ]
INFO: [ app_begin ] --END-- [ RunTime:0.001000s ]
SQL: SHOW COLUMNS FROM `homework` [ RunTime:0.076004s ]
SQL: SELECT COUNT(*) AS tp_count FROM `homework` LIMIT 1   [ RunTime:0.075005s ]
SQL: SELECT * FROM `homework` ORDER BY create_time desc LIMIT 0,20   [ RunTime:0.079004s ]
SQL: SHOW COLUMNS FROM `uploaded_file` [ RunTime:0.074005s ]
SQL: SELECT COUNT(*) AS tp_count FROM `uploaded_file` WHERE ( belong = '6' ) LIMIT 1   [ RunTime:2.179124s ]
SQL: SELECT COUNT(*) AS tp_count FROM `uploaded_file` WHERE ( belong = '5' ) LIMIT 1   [ RunTime:0.074004s ]
SQL: SELECT COUNT(*) AS tp_count FROM `uploaded_file` WHERE ( belong = '4' ) LIMIT 1   [ RunTime:0.076004s ]
SQL: SELECT COUNT(*) AS tp_count FROM `uploaded_file` WHERE ( belong = '3' ) LIMIT 1   [ RunTime:0.980056s ]
SQL: SELECT COUNT(*) AS tp_count FROM `uploaded_file` WHERE ( belong = '2' ) LIMIT 1   [ RunTime:2.180125s ]
SQL: SELECT COUNT(*) AS tp_count FROM `uploaded_file` WHERE ( belong = '1' ) LIMIT 1   [ RunTime:6.386365s ]
INFO: [ view_parse ] --START--
INFO: ParseTemplate Behavior ::run [ RunTime:0.045003s ]
INFO: [ view_parse ] --END-- [ RunTime:0.046003s ]
INFO: [ view_filter ] --START--
INFO: ContentReplace Behavior ::run [ RunTime:0.000000s ]
INFO: TokenBuild Behavior ::run [ RunTime:0.001000s ]
INFO: WriteHtmlCache Behavior ::run [ RunTime:0.000000s ]
INFO: ShowRuntime Behavior ::run [ RunTime:0.001000s ]
INFO: [ view_filter ] --END-- [ RunTime:0.002000s ]
INFO: [ view_end ] --START--
INFO: ShowPageTrace Behavior ::run [ RunTime:0.000000s ]
INFO: [ view_end ] --END-- [ RunTime:0.000000s ]

